This is TeX, Version 3.1415926 (TeX Live 2012) (format=tex 2012.6.30)  3 APR 2013 21:16
**seki.tex
(./seki.tex (/usr/local/texlive/2012/../texmf-local/tex/gotcmacs.tex
\fullhsize=\dimen16
\leftcolumn=\box16
)
Underfull \hbox (badness 10000) in paragraph at lines 75--77


\hbox(0.0+0.0)x190.0
.\glue(\rightskip) 0.0


Underfull \hbox (badness 10000) in paragraph at lines 95--97


\hbox(0.0+0.0)x190.0
.\glue(\rightskip) 0.0


Underfull \hbox (badness 10000) in paragraph at lines 115--117


\hbox(0.0+0.0)x190.0
.\glue(\rightskip) 0.0


Underfull \hbox (badness 10000) in paragraph at lines 135--137


\hbox(0.0+0.0)x190.0
.\glue(\rightskip) 0.0


Underfull \hbox (badness 10000) in paragraph at lines 155--157


\hbox(0.0+0.0)x190.0
.\glue(\rightskip) 0.0


Underfull \hbox (badness 10000) in paragraph at lines 175--177


\hbox(0.0+0.0)x190.0
.\glue(\rightskip) 0.0


Underfull \hbox (badness 10000) in paragraph at lines 195--197


\hbox(0.0+0.0)x190.0
.\glue(\rightskip) 0.0


Underfull \hbox (badness 10000) in paragraph at lines 215--217


\hbox(0.0+0.0)x190.0
.\glue(\rightskip) 0.0

[1] )
Output written on seki.dvi (1 page, 1556 bytes).
